<?xml version="1.0" encoding="UTF-8"?>
<testsuite xmlns:xsi="http://www.w3.org/2001/XMLSchema-instance" xsi:noNamespaceSchemaLocation="https://maven.apache.org/surefire/maven-surefire-plugin/xsd/surefire-test-report-3.0.xsd" version="3.0" name="com.mycompany.saberpro.Controlador.CtrlConsultasUsuariosTest" time="1.677" tests="2" errors="0" skipped="0" failures="0">
  <properties>
[...]
</properties>
  <testcase name="testLlenarTablaDesdeResultSet" classname="com.mycompany.saberpro.Controlador.CtrlConsultasUsuariosTest" time="1.467">
    <system-out><![CDATA[DEBUG SQL consultarUsuarios: SELECT nombre, apellido, telefono, cc, correo, habilitado, rol, fecha_inicio, fecha_fin FROM vista_usuarios WHERE 1=1 
]]></system-out>
    <system-err><![CDATA[Error cargando tabla: Cannot cast to boolean: "Habilitado"
WARNING: A Java agent has been loaded dynamically (C:\Users\juanf\.m2\repository\net\bytebuddy\byte-buddy-agent\1.14.12\byte-buddy-agent-1.14.12.jar)
WARNING: If a serviceability tool is in use, please run with -XX:+EnableDynamicAgentLoading to hide this warning
WARNING: If a serviceability tool is not in use, please run with -Djdk.instrument.traceUsage for more information
WARNING: Dynamic loading of agents will be disallowed by default in a future release
]]></system-err>
  </testcase>
  <testcase name="testLimpiarFiltros" classname="com.mycompany.saberpro.Controlador.CtrlConsultasUsuariosTest" time="0.167">
    <system-out><![CDATA[DEBUG SQL consultarUsuarios: SELECT nombre, apellido, telefono, cc, correo, habilitado, rol, fecha_inicio, fecha_fin FROM vista_usuarios WHERE 1=1 
]]></system-out>
    <system-err><![CDATA[Error cargando tabla: Cannot cast to boolean: "Habilitado"
]]></system-err>
  </testcase>
</testsuite>